 
****************************************
Report : area
Design : KG_TOP
Version: K-2015.06
Date   : Thu Jan  1 15:34:04 2026
****************************************

Library(s) Used:

    scmetro_tsmc_cl013g_rvt_tt_1p2v_25c (File: /home/IC/Kogge_Stone/std_cells/scmetro_tsmc_cl013g_rvt_tt_1p2v_25c.db)

Number of ports:                         1364
Number of nets:                          1848
Number of cells:                          713
Number of combinational cells:            419
Number of sequential cells:                98
Number of macros/black boxes:               0
Number of buf/inv:                         33
Number of references:                       4

Combinational area:               3188.857066
Buf/Inv area:                      388.311007
Noncombinational area:            2536.965168
Macro/Black Box area:                0.000000
Net Interconnect area:      undefined  (No wire load specified)

Total cell area:                  5725.822234
Total area:                 undefined

Hierarchical area distribution
------------------------------

                                  Global cell area          Local cell area
                                  ------------------  ---------------------------- 
Hierarchical cell                 Absolute   Percent  Combi-     Noncombi-  Black-
                                  Total      Total    national   national   boxes   Design
--------------------------------  ---------  -------  ---------  ---------  ------  --------------------
KG_TOP                            5725.8222    100.0   388.3110     0.0000  0.0000  KG_TOP
KG_COMP                           2800.5461     48.9   565.9927     0.0000  0.0000  Kogge_Stone_ADDER_32
KG_COMP/D0_1                        12.9437      0.2    12.9437     0.0000  0.0000  Dot_0
KG_COMP/D0_10                       12.9437      0.2    12.9437     0.0000  0.0000  Dot_38
KG_COMP/D0_12                       12.9437      0.2    12.9437     0.0000  0.0000  Dot_36
KG_COMP/D0_13                       12.9437      0.2    12.9437     0.0000  0.0000  Dot_35
KG_COMP/D0_14                       12.9437      0.2    12.9437     0.0000  0.0000  Dot_34
KG_COMP/D0_15                       12.9437      0.2    12.9437     0.0000  0.0000  Dot_33
KG_COMP/D0_16                       12.9437      0.2    12.9437     0.0000  0.0000  Dot_16
KG_COMP/D0_17                       12.9437      0.2    12.9437     0.0000  0.0000  Dot_15
KG_COMP/D0_18                       12.9437      0.2    12.9437     0.0000  0.0000  Dot_14
KG_COMP/D0_2                        12.9437      0.2    12.9437     0.0000  0.0000  Dot_98
KG_COMP/D0_20                       12.9437      0.2    12.9437     0.0000  0.0000  Dot_12
KG_COMP/D0_21                       12.9437      0.2    12.9437     0.0000  0.0000  Dot_11
KG_COMP/D0_22                       12.9437      0.2    12.9437     0.0000  0.0000  Dot_10
KG_COMP/D0_23                       12.9437      0.2    12.9437     0.0000  0.0000  Dot_9
KG_COMP/D0_24                       12.9437      0.2    12.9437     0.0000  0.0000  Dot_8
KG_COMP/D0_25                       12.9437      0.2    12.9437     0.0000  0.0000  Dot_7
KG_COMP/D0_26                       12.9437      0.2    12.9437     0.0000  0.0000  Dot_6
KG_COMP/D0_27                       12.9437      0.2    12.9437     0.0000  0.0000  Dot_5
KG_COMP/D0_28                       12.9437      0.2    12.9437     0.0000  0.0000  Dot_4
KG_COMP/D0_29                       12.9437      0.2    12.9437     0.0000  0.0000  Dot_3
KG_COMP/D0_3                        12.9437      0.2    12.9437     0.0000  0.0000  Dot_97
KG_COMP/D0_30                       12.9437      0.2    12.9437     0.0000  0.0000  Dot_2
KG_COMP/D0_31                       12.9437      0.2    12.9437     0.0000  0.0000  Dot_1
KG_COMP/D0_4                        12.9437      0.2    12.9437     0.0000  0.0000  Dot_68
KG_COMP/D0_5                        12.9437      0.2    12.9437     0.0000  0.0000  Dot_67
KG_COMP/D0_6                        12.9437      0.2    12.9437     0.0000  0.0000  Dot_66
KG_COMP/D0_7                        12.9437      0.2    12.9437     0.0000  0.0000  Dot_65
KG_COMP/D0_8                        12.9437      0.2    12.9437     0.0000  0.0000  Dot_40
KG_COMP/D0_9                        12.9437      0.2    12.9437     0.0000  0.0000  Dot_39
KG_COMP/D10_11                      12.9437      0.2    12.9437     0.0000  0.0000  Dot_119
KG_COMP/D10_13                      12.9437      0.2    12.9437     0.0000  0.0000  Dot_87
KG_COMP/D10_17                      12.9437      0.2    12.9437     0.0000  0.0000  Dot_55
KG_COMP/D10_25                      12.9437      0.2    12.9437     0.0000  0.0000  Dot_23
KG_COMP/D11_12                      12.9437      0.2    12.9437     0.0000  0.0000  Dot_118
KG_COMP/D11_14                      12.9437      0.2    12.9437     0.0000  0.0000  Dot_86
KG_COMP/D11_18                      12.9437      0.2    12.9437     0.0000  0.0000  Dot_54
KG_COMP/D11_26                      12.9437      0.2    12.9437     0.0000  0.0000  Dot_22
KG_COMP/D12_13                      12.9437      0.2    12.9437     0.0000  0.0000  Dot_117
KG_COMP/D12_15                      12.9437      0.2    12.9437     0.0000  0.0000  Dot_85
KG_COMP/D12_19                      12.9437      0.2    12.9437     0.0000  0.0000  Dot_53
KG_COMP/D12_27                      12.9437      0.2    12.9437     0.0000  0.0000  Dot_21
KG_COMP/D13_14                      12.9437      0.2    12.9437     0.0000  0.0000  Dot_116
KG_COMP/D13_16                      12.9437      0.2    12.9437     0.0000  0.0000  Dot_84
KG_COMP/D13_20                      12.9437      0.2    12.9437     0.0000  0.0000  Dot_52
KG_COMP/D13_28                      12.9437      0.2    12.9437     0.0000  0.0000  Dot_20
KG_COMP/D14_15                      12.9437      0.2    12.9437     0.0000  0.0000  Dot_115
KG_COMP/D14_17                      12.9437      0.2    12.9437     0.0000  0.0000  Dot_83
KG_COMP/D14_21                      12.9437      0.2    12.9437     0.0000  0.0000  Dot_51
KG_COMP/D14_29                      12.9437      0.2    12.9437     0.0000  0.0000  Dot_19
KG_COMP/D15_16                      12.9437      0.2    12.9437     0.0000  0.0000  Dot_114
KG_COMP/D15_18                      12.9437      0.2    12.9437     0.0000  0.0000  Dot_82
KG_COMP/D15_22                      12.9437      0.2    12.9437     0.0000  0.0000  Dot_50
KG_COMP/D15_30                      12.9437      0.2    12.9437     0.0000  0.0000  Dot_18
KG_COMP/D16_17                      12.9437      0.2    12.9437     0.0000  0.0000  Dot_113
KG_COMP/D16_19                      12.9437      0.2    12.9437     0.0000  0.0000  Dot_81
KG_COMP/D16_23                      12.9437      0.2    12.9437     0.0000  0.0000  Dot_49
KG_COMP/D16_31                      12.9437      0.2    12.9437     0.0000  0.0000  Dot_17
KG_COMP/D17_18                      12.9437      0.2    12.9437     0.0000  0.0000  Dot_112
KG_COMP/D17_20                      12.9437      0.2    12.9437     0.0000  0.0000  Dot_80
KG_COMP/D17_24                      12.9437      0.2    12.9437     0.0000  0.0000  Dot_48
KG_COMP/D18_19                      12.9437      0.2    12.9437     0.0000  0.0000  Dot_111
KG_COMP/D18_21                      12.9437      0.2    12.9437     0.0000  0.0000  Dot_79
KG_COMP/D18_25                      12.9437      0.2    12.9437     0.0000  0.0000  Dot_47
KG_COMP/D19_20                      12.9437      0.2    12.9437     0.0000  0.0000  Dot_110
KG_COMP/D19_22                      12.9437      0.2    12.9437     0.0000  0.0000  Dot_78
KG_COMP/D19_26                      12.9437      0.2    12.9437     0.0000  0.0000  Dot_46
KG_COMP/D1_16                       12.9437      0.2    12.9437     0.0000  0.0000  Dot_32
KG_COMP/D1_2                        12.9437      0.2    12.9437     0.0000  0.0000  Dot_128
KG_COMP/D1_4                        12.9437      0.2    12.9437     0.0000  0.0000  Dot_96
KG_COMP/D1_8                        12.9437      0.2    12.9437     0.0000  0.0000  Dot_64
KG_COMP/D20_21                      12.9437      0.2    12.9437     0.0000  0.0000  Dot_109
KG_COMP/D20_23                      12.9437      0.2    12.9437     0.0000  0.0000  Dot_77
KG_COMP/D20_27                      12.9437      0.2    12.9437     0.0000  0.0000  Dot_45
KG_COMP/D21_22                      12.9437      0.2    12.9437     0.0000  0.0000  Dot_108
KG_COMP/D21_24                      12.9437      0.2    12.9437     0.0000  0.0000  Dot_76
KG_COMP/D21_28                      12.9437      0.2    12.9437     0.0000  0.0000  Dot_44
KG_COMP/D22_23                      12.9437      0.2    12.9437     0.0000  0.0000  Dot_107
KG_COMP/D22_25                      12.9437      0.2    12.9437     0.0000  0.0000  Dot_75
KG_COMP/D22_29                      12.9437      0.2    12.9437     0.0000  0.0000  Dot_43
KG_COMP/D23_24                      12.9437      0.2    12.9437     0.0000  0.0000  Dot_106
KG_COMP/D23_26                      12.9437      0.2    12.9437     0.0000  0.0000  Dot_74
KG_COMP/D23_30                      12.9437      0.2    12.9437     0.0000  0.0000  Dot_42
KG_COMP/D24_25                      12.9437      0.2    12.9437     0.0000  0.0000  Dot_105
KG_COMP/D24_27                      12.9437      0.2    12.9437     0.0000  0.0000  Dot_73
KG_COMP/D24_31                      12.9437      0.2    12.9437     0.0000  0.0000  Dot_41
KG_COMP/D25_26                      12.9437      0.2    12.9437     0.0000  0.0000  Dot_104
KG_COMP/D25_28                      12.9437      0.2    12.9437     0.0000  0.0000  Dot_72
KG_COMP/D26_27                      12.9437      0.2    12.9437     0.0000  0.0000  Dot_103
KG_COMP/D26_29                      12.9437      0.2    12.9437     0.0000  0.0000  Dot_71
KG_COMP/D27_28                      12.9437      0.2    12.9437     0.0000  0.0000  Dot_102
KG_COMP/D27_30                      12.9437      0.2    12.9437     0.0000  0.0000  Dot_70
KG_COMP/D28_29                      12.9437      0.2    12.9437     0.0000  0.0000  Dot_101
KG_COMP/D28_31                      12.9437      0.2    12.9437     0.0000  0.0000  Dot_69
KG_COMP/D29_30                      12.9437      0.2    12.9437     0.0000  0.0000  Dot_100
KG_COMP/D2_17                       12.9437      0.2    12.9437     0.0000  0.0000  Dot_31
KG_COMP/D2_3                        12.9437      0.2    12.9437     0.0000  0.0000  Dot_127
KG_COMP/D2_5                        12.9437      0.2    12.9437     0.0000  0.0000  Dot_95
KG_COMP/D2_9                        12.9437      0.2    12.9437     0.0000  0.0000  Dot_63
KG_COMP/D30_31                      12.9437      0.2    12.9437     0.0000  0.0000  Dot_99
KG_COMP/D3_10                       12.9437      0.2    12.9437     0.0000  0.0000  Dot_62
KG_COMP/D3_18                       12.9437      0.2    12.9437     0.0000  0.0000  Dot_30
KG_COMP/D3_4                        12.9437      0.2    12.9437     0.0000  0.0000  Dot_126
KG_COMP/D3_6                        12.9437      0.2    12.9437     0.0000  0.0000  Dot_94
KG_COMP/D4_11                       12.9437      0.2    12.9437     0.0000  0.0000  Dot_61
KG_COMP/D4_19                       12.9437      0.2    12.9437     0.0000  0.0000  Dot_29
KG_COMP/D4_5                        12.9437      0.2    12.9437     0.0000  0.0000  Dot_125
KG_COMP/D4_7                        12.9437      0.2    12.9437     0.0000  0.0000  Dot_93
KG_COMP/D5_12                       12.9437      0.2    12.9437     0.0000  0.0000  Dot_60
KG_COMP/D5_20                       12.9437      0.2    12.9437     0.0000  0.0000  Dot_28
KG_COMP/D5_6                        12.9437      0.2    12.9437     0.0000  0.0000  Dot_124
KG_COMP/D5_8                        12.9437      0.2    12.9437     0.0000  0.0000  Dot_92
KG_COMP/D6_13                       12.9437      0.2    12.9437     0.0000  0.0000  Dot_59
KG_COMP/D6_21                       12.9437      0.2    12.9437     0.0000  0.0000  Dot_27
KG_COMP/D6_7                        12.9437      0.2    12.9437     0.0000  0.0000  Dot_123
KG_COMP/D6_9                        12.9437      0.2    12.9437     0.0000  0.0000  Dot_91
KG_COMP/D7_10                       12.9437      0.2    12.9437     0.0000  0.0000  Dot_90
KG_COMP/D7_14                       12.9437      0.2    12.9437     0.0000  0.0000  Dot_58
KG_COMP/D7_22                       12.9437      0.2    12.9437     0.0000  0.0000  Dot_26
KG_COMP/D7_8                        12.9437      0.2    12.9437     0.0000  0.0000  Dot_122
KG_COMP/D8_11                       12.9437      0.2    12.9437     0.0000  0.0000  Dot_89
KG_COMP/D8_15                       12.9437      0.2    12.9437     0.0000  0.0000  Dot_57
KG_COMP/D8_23                       12.9437      0.2    12.9437     0.0000  0.0000  Dot_25
KG_COMP/D8_9                        12.9437      0.2    12.9437     0.0000  0.0000  Dot_121
KG_COMP/D9_10                       12.9437      0.2    12.9437     0.0000  0.0000  Dot_120
KG_COMP/D9_11                       12.9437      0.2    12.9437     0.0000  0.0000  Dot_37
KG_COMP/D9_12                       12.9437      0.2    12.9437     0.0000  0.0000  Dot_88
KG_COMP/D9_16                       12.9437      0.2    12.9437     0.0000  0.0000  Dot_56
KG_COMP/D9_19                       12.9437      0.2    12.9437     0.0000  0.0000  Dot_13
KG_COMP/D9_24                       12.9437      0.2    12.9437     0.0000  0.0000  Dot_24
KG_COMP/G0                           5.8835      0.1     5.8835     0.0000  0.0000  Gen_0
KG_COMP/G1                           5.8835      0.1     5.8835     0.0000  0.0000  Gen_31
KG_COMP/G10                          5.8835      0.1     5.8835     0.0000  0.0000  Gen_22
KG_COMP/G11                          5.8835      0.1     5.8835     0.0000  0.0000  Gen_21
KG_COMP/G12                          5.8835      0.1     5.8835     0.0000  0.0000  Gen_20
KG_COMP/G13                          5.8835      0.1     5.8835     0.0000  0.0000  Gen_19
KG_COMP/G14                          5.8835      0.1     5.8835     0.0000  0.0000  Gen_18
KG_COMP/G15                          5.8835      0.1     5.8835     0.0000  0.0000  Gen_17
KG_COMP/G16                          5.8835      0.1     5.8835     0.0000  0.0000  Gen_16
KG_COMP/G17                          5.8835      0.1     5.8835     0.0000  0.0000  Gen_15
KG_COMP/G18                          5.8835      0.1     5.8835     0.0000  0.0000  Gen_14
KG_COMP/G19                          5.8835      0.1     5.8835     0.0000  0.0000  Gen_13
KG_COMP/G2                           5.8835      0.1     5.8835     0.0000  0.0000  Gen_30
KG_COMP/G20                          5.8835      0.1     5.8835     0.0000  0.0000  Gen_12
KG_COMP/G21                          5.8835      0.1     5.8835     0.0000  0.0000  Gen_11
KG_COMP/G22                          5.8835      0.1     5.8835     0.0000  0.0000  Gen_10
KG_COMP/G23                          5.8835      0.1     5.8835     0.0000  0.0000  Gen_9
KG_COMP/G24                          5.8835      0.1     5.8835     0.0000  0.0000  Gen_8
KG_COMP/G25                          5.8835      0.1     5.8835     0.0000  0.0000  Gen_7
KG_COMP/G26                          5.8835      0.1     5.8835     0.0000  0.0000  Gen_6
KG_COMP/G27                          5.8835      0.1     5.8835     0.0000  0.0000  Gen_5
KG_COMP/G28                          5.8835      0.1     5.8835     0.0000  0.0000  Gen_4
KG_COMP/G29                          5.8835      0.1     5.8835     0.0000  0.0000  Gen_3
KG_COMP/G3                           5.8835      0.1     5.8835     0.0000  0.0000  Gen_29
KG_COMP/G30                          5.8835      0.1     5.8835     0.0000  0.0000  Gen_2
KG_COMP/G31                          5.8835      0.1     5.8835     0.0000  0.0000  Gen_1
KG_COMP/G4                           5.8835      0.1     5.8835     0.0000  0.0000  Gen_28
KG_COMP/G5                           5.8835      0.1     5.8835     0.0000  0.0000  Gen_27
KG_COMP/G6                           5.8835      0.1     5.8835     0.0000  0.0000  Gen_26
KG_COMP/G7                           5.8835      0.1     5.8835     0.0000  0.0000  Gen_25
KG_COMP/G8                           5.8835      0.1     5.8835     0.0000  0.0000  Gen_24
KG_COMP/G9                           5.8835      0.1     5.8835     0.0000  0.0000  Gen_23
KG_COMP/P0                          11.7670      0.2    11.7670     0.0000  0.0000  Prob_0
KG_COMP/P1                          11.7670      0.2    11.7670     0.0000  0.0000  Prob_31
KG_COMP/P10                         11.7670      0.2    11.7670     0.0000  0.0000  Prob_22
KG_COMP/P11                         11.7670      0.2    11.7670     0.0000  0.0000  Prob_21
KG_COMP/P12                         11.7670      0.2    11.7670     0.0000  0.0000  Prob_20
KG_COMP/P13                         11.7670      0.2    11.7670     0.0000  0.0000  Prob_19
KG_COMP/P14                         11.7670      0.2    11.7670     0.0000  0.0000  Prob_18
KG_COMP/P15                         11.7670      0.2    11.7670     0.0000  0.0000  Prob_17
KG_COMP/P16                         11.7670      0.2    11.7670     0.0000  0.0000  Prob_16
KG_COMP/P17                         11.7670      0.2    11.7670     0.0000  0.0000  Prob_15
KG_COMP/P18                         11.7670      0.2    11.7670     0.0000  0.0000  Prob_14
KG_COMP/P19                         11.7670      0.2    11.7670     0.0000  0.0000  Prob_13
KG_COMP/P2                          11.7670      0.2    11.7670     0.0000  0.0000  Prob_30
KG_COMP/P20                         11.7670      0.2    11.7670     0.0000  0.0000  Prob_12
KG_COMP/P21                         11.7670      0.2    11.7670     0.0000  0.0000  Prob_11
KG_COMP/P22                         11.7670      0.2    11.7670     0.0000  0.0000  Prob_10
KG_COMP/P23                         11.7670      0.2    11.7670     0.0000  0.0000  Prob_9
KG_COMP/P24                         11.7670      0.2    11.7670     0.0000  0.0000  Prob_8
KG_COMP/P25                         11.7670      0.2    11.7670     0.0000  0.0000  Prob_7
KG_COMP/P26                         11.7670      0.2    11.7670     0.0000  0.0000  Prob_6
KG_COMP/P27                         11.7670      0.2    11.7670     0.0000  0.0000  Prob_5
KG_COMP/P28                         11.7670      0.2    11.7670     0.0000  0.0000  Prob_4
KG_COMP/P29                         11.7670      0.2    11.7670     0.0000  0.0000  Prob_3
KG_COMP/P3                          11.7670      0.2    11.7670     0.0000  0.0000  Prob_29
KG_COMP/P30                         11.7670      0.2    11.7670     0.0000  0.0000  Prob_2
KG_COMP/P31                         11.7670      0.2    11.7670     0.0000  0.0000  Prob_1
KG_COMP/P4                          11.7670      0.2    11.7670     0.0000  0.0000  Prob_28
KG_COMP/P5                          11.7670      0.2    11.7670     0.0000  0.0000  Prob_27
KG_COMP/P6                          11.7670      0.2    11.7670     0.0000  0.0000  Prob_26
KG_COMP/P7                          11.7670      0.2    11.7670     0.0000  0.0000  Prob_25
KG_COMP/P8                          11.7670      0.2    11.7670     0.0000  0.0000  Prob_24
KG_COMP/P9                          11.7670      0.2    11.7670     0.0000  0.0000  Prob_23
OPERAND_A_B_CIN_DFF               1682.6810     29.4     0.0000  1682.6810  0.0000  dff_in
RESULT_S_DFF                       854.2842     14.9     0.0000   854.2842  0.0000  dff_out
--------------------------------  ---------  -------  ---------  ---------  ------  --------------------
Total                                                 3188.8571  2536.9652  0.0000

1
