 
****************************************
Report : constraint
        -all_violators
Design : KG_TOP
Version: K-2015.06
Date   : Thu Jan  1 15:34:05 2026
****************************************


   max_transition

                             Required        Actual
   Net                      Transition     Transition        Slack
   -----------------------------------------------------------------
   A[0]                         0.79           0.85          -0.06  (VIOLATED)
       PIN :   OPERAND_A_B_CIN_DFF/A_Q_reg[0]/D     0.79     0.85    -0.06 (VIOLATED)
   A[1]                         0.79           0.85          -0.06  (VIOLATED)
       PIN :   OPERAND_A_B_CIN_DFF/A_Q_reg[1]/D     0.79     0.85    -0.06 (VIOLATED)
   A[2]                         0.79           0.85          -0.06  (VIOLATED)
       PIN :   OPERAND_A_B_CIN_DFF/A_Q_reg[2]/D     0.79     0.85    -0.06 (VIOLATED)
   A[3]                         0.79           0.85          -0.06  (VIOLATED)
       PIN :   OPERAND_A_B_CIN_DFF/A_Q_reg[3]/D     0.79     0.85    -0.06 (VIOLATED)
   A[4]                         0.79           0.85          -0.06  (VIOLATED)
       PIN :   OPERAND_A_B_CIN_DFF/A_Q_reg[4]/D     0.79     0.85    -0.06 (VIOLATED)
   A[5]                         0.79           0.85          -0.06  (VIOLATED)
       PIN :   OPERAND_A_B_CIN_DFF/A_Q_reg[5]/D     0.79     0.85    -0.06 (VIOLATED)
   A[6]                         0.79           0.85          -0.06  (VIOLATED)
       PIN :   OPERAND_A_B_CIN_DFF/A_Q_reg[6]/D     0.79     0.85    -0.06 (VIOLATED)
   A[7]                         0.79           0.85          -0.06  (VIOLATED)
       PIN :   OPERAND_A_B_CIN_DFF/A_Q_reg[7]/D     0.79     0.85    -0.06 (VIOLATED)
   A[8]                         0.79           0.85          -0.06  (VIOLATED)
       PIN :   OPERAND_A_B_CIN_DFF/A_Q_reg[8]/D     0.79     0.85    -0.06 (VIOLATED)
   A[9]                         0.79           0.85          -0.06  (VIOLATED)
       PIN :   OPERAND_A_B_CIN_DFF/A_Q_reg[9]/D     0.79     0.85    -0.06 (VIOLATED)
   A[10]                        0.79           0.85          -0.06  (VIOLATED)
       PIN :   OPERAND_A_B_CIN_DFF/A_Q_reg[10]/D     0.79     0.85    -0.06 (VIOLATED)
   A[11]                        0.79           0.85          -0.06  (VIOLATED)
       PIN :   OPERAND_A_B_CIN_DFF/A_Q_reg[11]/D     0.79     0.85    -0.06 (VIOLATED)
   A[12]                        0.79           0.85          -0.06  (VIOLATED)
       PIN :   OPERAND_A_B_CIN_DFF/A_Q_reg[12]/D     0.79     0.85    -0.06 (VIOLATED)
   A[13]                        0.79           0.85          -0.06  (VIOLATED)
       PIN :   OPERAND_A_B_CIN_DFF/A_Q_reg[13]/D     0.79     0.85    -0.06 (VIOLATED)
   A[14]                        0.79           0.85          -0.06  (VIOLATED)
       PIN :   OPERAND_A_B_CIN_DFF/A_Q_reg[14]/D     0.79     0.85    -0.06 (VIOLATED)
   A[15]                        0.79           0.85          -0.06  (VIOLATED)
       PIN :   OPERAND_A_B_CIN_DFF/A_Q_reg[15]/D     0.79     0.85    -0.06 (VIOLATED)
   A[16]                        0.79           0.85          -0.06  (VIOLATED)
       PIN :   OPERAND_A_B_CIN_DFF/A_Q_reg[16]/D     0.79     0.85    -0.06 (VIOLATED)
   A[17]                        0.79           0.85          -0.06  (VIOLATED)
       PIN :   OPERAND_A_B_CIN_DFF/A_Q_reg[17]/D     0.79     0.85    -0.06 (VIOLATED)
   A[18]                        0.79           0.85          -0.06  (VIOLATED)
       PIN :   OPERAND_A_B_CIN_DFF/A_Q_reg[18]/D     0.79     0.85    -0.06 (VIOLATED)
   A[19]                        0.79           0.85          -0.06  (VIOLATED)
       PIN :   OPERAND_A_B_CIN_DFF/A_Q_reg[19]/D     0.79     0.85    -0.06 (VIOLATED)
   A[20]                        0.79           0.85          -0.06  (VIOLATED)
       PIN :   OPERAND_A_B_CIN_DFF/A_Q_reg[20]/D     0.79     0.85    -0.06 (VIOLATED)
   A[21]                        0.79           0.85          -0.06  (VIOLATED)
       PIN :   OPERAND_A_B_CIN_DFF/A_Q_reg[21]/D     0.79     0.85    -0.06 (VIOLATED)
   A[22]                        0.79           0.85          -0.06  (VIOLATED)
       PIN :   OPERAND_A_B_CIN_DFF/A_Q_reg[22]/D     0.79     0.85    -0.06 (VIOLATED)
   A[23]                        0.79           0.85          -0.06  (VIOLATED)
       PIN :   OPERAND_A_B_CIN_DFF/A_Q_reg[23]/D     0.79     0.85    -0.06 (VIOLATED)
   A[24]                        0.79           0.85          -0.06  (VIOLATED)
       PIN :   OPERAND_A_B_CIN_DFF/A_Q_reg[24]/D     0.79     0.85    -0.06 (VIOLATED)
   A[25]                        0.79           0.85          -0.06  (VIOLATED)
       PIN :   OPERAND_A_B_CIN_DFF/A_Q_reg[25]/D     0.79     0.85    -0.06 (VIOLATED)
   A[26]                        0.79           0.85          -0.06  (VIOLATED)
       PIN :   OPERAND_A_B_CIN_DFF/A_Q_reg[26]/D     0.79     0.85    -0.06 (VIOLATED)
   A[27]                        0.79           0.85          -0.06  (VIOLATED)
       PIN :   OPERAND_A_B_CIN_DFF/A_Q_reg[27]/D     0.79     0.85    -0.06 (VIOLATED)
   A[28]                        0.79           0.85          -0.06  (VIOLATED)
       PIN :   OPERAND_A_B_CIN_DFF/A_Q_reg[28]/D     0.79     0.85    -0.06 (VIOLATED)
   A[29]                        0.79           0.85          -0.06  (VIOLATED)
       PIN :   OPERAND_A_B_CIN_DFF/A_Q_reg[29]/D     0.79     0.85    -0.06 (VIOLATED)
   A[30]                        0.79           0.85          -0.06  (VIOLATED)
       PIN :   OPERAND_A_B_CIN_DFF/A_Q_reg[30]/D     0.79     0.85    -0.06 (VIOLATED)
   A[31]                        0.79           0.85          -0.06  (VIOLATED)
       PIN :   OPERAND_A_B_CIN_DFF/A_Q_reg[31]/D     0.79     0.85    -0.06 (VIOLATED)
   B[0]                         0.79           0.85          -0.06  (VIOLATED)
       PIN :   OPERAND_A_B_CIN_DFF/B_Q_reg[0]/D     0.79     0.85    -0.06 (VIOLATED)
   B[1]                         0.79           0.85          -0.06  (VIOLATED)
       PIN :   OPERAND_A_B_CIN_DFF/B_Q_reg[1]/D     0.79     0.85    -0.06 (VIOLATED)
   B[2]                         0.79           0.85          -0.06  (VIOLATED)
       PIN :   OPERAND_A_B_CIN_DFF/B_Q_reg[2]/D     0.79     0.85    -0.06 (VIOLATED)
   B[3]                         0.79           0.85          -0.06  (VIOLATED)
       PIN :   OPERAND_A_B_CIN_DFF/B_Q_reg[3]/D     0.79     0.85    -0.06 (VIOLATED)
   B[4]                         0.79           0.85          -0.06  (VIOLATED)
       PIN :   OPERAND_A_B_CIN_DFF/B_Q_reg[4]/D     0.79     0.85    -0.06 (VIOLATED)
   B[5]                         0.79           0.85          -0.06  (VIOLATED)
       PIN :   OPERAND_A_B_CIN_DFF/B_Q_reg[5]/D     0.79     0.85    -0.06 (VIOLATED)
   B[6]                         0.79           0.85          -0.06  (VIOLATED)
       PIN :   OPERAND_A_B_CIN_DFF/B_Q_reg[6]/D     0.79     0.85    -0.06 (VIOLATED)
   B[7]                         0.79           0.85          -0.06  (VIOLATED)
       PIN :   OPERAND_A_B_CIN_DFF/B_Q_reg[7]/D     0.79     0.85    -0.06 (VIOLATED)
   B[8]                         0.79           0.85          -0.06  (VIOLATED)
       PIN :   OPERAND_A_B_CIN_DFF/B_Q_reg[8]/D     0.79     0.85    -0.06 (VIOLATED)
   B[9]                         0.79           0.85          -0.06  (VIOLATED)
       PIN :   OPERAND_A_B_CIN_DFF/B_Q_reg[9]/D     0.79     0.85    -0.06 (VIOLATED)
   B[10]                        0.79           0.85          -0.06  (VIOLATED)
       PIN :   OPERAND_A_B_CIN_DFF/B_Q_reg[10]/D     0.79     0.85    -0.06 (VIOLATED)
   B[11]                        0.79           0.85          -0.06  (VIOLATED)
       PIN :   OPERAND_A_B_CIN_DFF/B_Q_reg[11]/D     0.79     0.85    -0.06 (VIOLATED)
   B[12]                        0.79           0.85          -0.06  (VIOLATED)
       PIN :   OPERAND_A_B_CIN_DFF/B_Q_reg[12]/D     0.79     0.85    -0.06 (VIOLATED)
   B[13]                        0.79           0.85          -0.06  (VIOLATED)
       PIN :   OPERAND_A_B_CIN_DFF/B_Q_reg[13]/D     0.79     0.85    -0.06 (VIOLATED)
   B[14]                        0.79           0.85          -0.06  (VIOLATED)
       PIN :   OPERAND_A_B_CIN_DFF/B_Q_reg[14]/D     0.79     0.85    -0.06 (VIOLATED)
   B[15]                        0.79           0.85          -0.06  (VIOLATED)
       PIN :   OPERAND_A_B_CIN_DFF/B_Q_reg[15]/D     0.79     0.85    -0.06 (VIOLATED)
   B[16]                        0.79           0.85          -0.06  (VIOLATED)
       PIN :   OPERAND_A_B_CIN_DFF/B_Q_reg[16]/D     0.79     0.85    -0.06 (VIOLATED)
   B[17]                        0.79           0.85          -0.06  (VIOLATED)
       PIN :   OPERAND_A_B_CIN_DFF/B_Q_reg[17]/D     0.79     0.85    -0.06 (VIOLATED)
   B[18]                        0.79           0.85          -0.06  (VIOLATED)
       PIN :   OPERAND_A_B_CIN_DFF/B_Q_reg[18]/D     0.79     0.85    -0.06 (VIOLATED)
   B[19]                        0.79           0.85          -0.06  (VIOLATED)
       PIN :   OPERAND_A_B_CIN_DFF/B_Q_reg[19]/D     0.79     0.85    -0.06 (VIOLATED)
   B[20]                        0.79           0.85          -0.06  (VIOLATED)
       PIN :   OPERAND_A_B_CIN_DFF/B_Q_reg[20]/D     0.79     0.85    -0.06 (VIOLATED)
   B[21]                        0.79           0.85          -0.06  (VIOLATED)
       PIN :   OPERAND_A_B_CIN_DFF/B_Q_reg[21]/D     0.79     0.85    -0.06 (VIOLATED)
   B[22]                        0.79           0.85          -0.06  (VIOLATED)
       PIN :   OPERAND_A_B_CIN_DFF/B_Q_reg[22]/D     0.79     0.85    -0.06 (VIOLATED)
   B[23]                        0.79           0.85          -0.06  (VIOLATED)
       PIN :   OPERAND_A_B_CIN_DFF/B_Q_reg[23]/D     0.79     0.85    -0.06 (VIOLATED)
   B[24]                        0.79           0.85          -0.06  (VIOLATED)
       PIN :   OPERAND_A_B_CIN_DFF/B_Q_reg[24]/D     0.79     0.85    -0.06 (VIOLATED)
   B[25]                        0.79           0.85          -0.06  (VIOLATED)
       PIN :   OPERAND_A_B_CIN_DFF/B_Q_reg[25]/D     0.79     0.85    -0.06 (VIOLATED)
   B[26]                        0.79           0.85          -0.06  (VIOLATED)
       PIN :   OPERAND_A_B_CIN_DFF/B_Q_reg[26]/D     0.79     0.85    -0.06 (VIOLATED)
   B[27]                        0.79           0.85          -0.06  (VIOLATED)
       PIN :   OPERAND_A_B_CIN_DFF/B_Q_reg[27]/D     0.79     0.85    -0.06 (VIOLATED)
   B[28]                        0.79           0.85          -0.06  (VIOLATED)
       PIN :   OPERAND_A_B_CIN_DFF/B_Q_reg[28]/D     0.79     0.85    -0.06 (VIOLATED)
   B[29]                        0.79           0.85          -0.06  (VIOLATED)
       PIN :   OPERAND_A_B_CIN_DFF/B_Q_reg[29]/D     0.79     0.85    -0.06 (VIOLATED)
   B[30]                        0.79           0.85          -0.06  (VIOLATED)
       PIN :   OPERAND_A_B_CIN_DFF/B_Q_reg[30]/D     0.79     0.85    -0.06 (VIOLATED)
   B[31]                        0.79           0.85          -0.06  (VIOLATED)
       PIN :   OPERAND_A_B_CIN_DFF/B_Q_reg[31]/D     0.79     0.85    -0.06 (VIOLATED)
   Cin                          0.79           0.85          -0.06  (VIOLATED)
       PIN :   OPERAND_A_B_CIN_DFF/Cin_Q_reg/D     0.79     0.85    -0.06 (VIOLATED)

   -----------------------------------------------------------------
   Total                      65                 -3.90  

   max_area

                             Required        Actual
   Design                      Area           Area           Slack
   -----------------------------------------------------------------
   KG_TOP                       0.00        5725.82       -5725.82  (VIOLATED)


1
