Loading db file '/home/IC/Kogge_Stone/std_cells/scmetro_tsmc_cl013g_rvt_tt_1p2v_25c.db'
Information: Propagating switching activity (low effort zero delay simulation). (PWR-6)
Warning: Design has unannotated primary inputs. (PWR-414)
Warning: Design has unannotated sequential cell outputs. (PWR-415)
 
****************************************
Report : power
        -hier
        -analysis_effort low
Design : KG_TOP
Version: K-2015.06
Date   : Thu Jan  1 15:34:05 2026
****************************************


Library(s) Used:

    scmetro_tsmc_cl013g_rvt_tt_1p2v_25c (File: /home/IC/Kogge_Stone/std_cells/scmetro_tsmc_cl013g_rvt_tt_1p2v_25c.db)


Operating Conditions: scmetro_tsmc_cl013g_rvt_ss_1p08v_125c   Library: scmetro_tsmc_cl013g_rvt_ss_1p08v_125c
Wire Load Model Mode: top


Global Operating Voltage = 1.08 
Power-specific unit information :
    Voltage Units = 1V
    Capacitance Units = 1.000000pf
    Time Units = 1ns
    Dynamic Power Units = 1mW    (derived from V,C,T units)
    Leakage Power Units = 1pW


--------------------------------------------------------------------------------
                                       Switch   Int      Leak     Total
Hierarchy                              Power    Power    Power    Power    %
--------------------------------------------------------------------------------
KG_TOP                                    0.639    1.243 1.55e+06    1.884 100.0
  RESULT_S_DFF (dff_out)               7.93e-03    0.359 1.83e+05    0.368  19.5
  KG_COMP (Kogge_Stone_ADDER_32)       2.96e-02 8.53e-02 8.37e+05    0.116   6.1
    D0_31 (Dot_1)                      4.14e-05 1.82e-04 3.36e+03 2.27e-04   0.0
    D0_30 (Dot_2)                      9.60e-05 1.82e-04 3.36e+03 2.81e-04   0.0
    D0_29 (Dot_3)                      9.60e-05 1.82e-04 3.37e+03 2.81e-04   0.0
    D0_28 (Dot_4)                      9.77e-05 1.85e-04 3.38e+03 2.86e-04   0.0
    D0_27 (Dot_5)                      9.88e-05 1.87e-04 3.38e+03 2.89e-04   0.0
    D0_26 (Dot_6)                      9.72e-05 1.84e-04 3.38e+03 2.85e-04   0.0
    D0_25 (Dot_7)                      9.98e-05 1.89e-04 3.37e+03 2.92e-04   0.0
    D0_24 (Dot_8)                      9.82e-05 1.86e-04 3.37e+03 2.88e-04   0.0
    D0_23 (Dot_9)                      9.88e-05 1.87e-04 3.36e+03 2.89e-04   0.0
    D0_22 (Dot_10)                     1.02e-04 1.93e-04 3.36e+03 2.98e-04   0.0
    D0_21 (Dot_11)                     9.99e-05 1.89e-04 3.37e+03 2.92e-04   0.0
    D0_20 (Dot_12)                     1.00e-04 1.90e-04 3.38e+03 2.93e-04   0.0
    D9_19 (Dot_13)                     9.86e-05 1.87e-04 3.39e+03 2.89e-04   0.0
    D0_18 (Dot_14)                     9.54e-05 1.80e-04 3.41e+03 2.79e-04   0.0
    D0_17 (Dot_15)                     9.33e-05 1.76e-04 3.44e+03 2.73e-04   0.0
    D0_16 (Dot_16)                     9.66e-05 1.81e-04 3.49e+03 2.81e-04   0.0
    D16_31 (Dot_17)                    4.15e-05 1.82e-04 3.37e+03 2.27e-04   0.0
    D15_30 (Dot_18)                    3.99e-05 1.76e-04 3.38e+03 2.19e-04   0.0
    D14_29 (Dot_19)                    3.99e-05 1.76e-04 3.38e+03 2.19e-04   0.0
    D13_28 (Dot_20)                    4.06e-05 1.79e-04 3.39e+03 2.23e-04   0.0
    D12_27 (Dot_21)                    4.11e-05 1.81e-04 3.38e+03 2.25e-04   0.0
    D11_26 (Dot_22)                    4.05e-05 1.78e-04 3.38e+03 2.22e-04   0.0
    D10_25 (Dot_23)                    4.15e-05 1.83e-04 3.37e+03 2.27e-04   0.0
    D9_24 (Dot_24)                     4.08e-05 1.80e-04 3.38e+03 2.24e-04   0.0
    D8_23 (Dot_25)                     4.11e-05 1.81e-04 3.37e+03 2.26e-04   0.0
    D7_22 (Dot_26)                     4.23e-05 1.87e-04 3.36e+03 2.32e-04   0.0
    D6_21 (Dot_27)                     4.16e-05 1.83e-04 3.37e+03 2.28e-04   0.0
    D5_20 (Dot_28)                     4.16e-05 1.84e-04 3.37e+03 2.29e-04   0.0
    D4_19 (Dot_29)                     4.10e-05 1.81e-04 3.37e+03 2.25e-04   0.0
    D3_18 (Dot_30)                     3.97e-05 1.75e-04 3.37e+03 2.18e-04   0.0
    D2_17 (Dot_31)                     3.88e-05 1.71e-04 3.37e+03 2.13e-04   0.0
    D1_16 (Dot_32)                     4.02e-05 1.77e-04 3.37e+03 2.21e-04   0.0
    D0_15 (Dot_33)                     1.34e-04 1.87e-04 3.37e+03 3.24e-04   0.0
    D0_14 (Dot_34)                     1.39e-04 1.94e-04 3.37e+03 3.37e-04   0.0
    D0_13 (Dot_35)                     1.38e-04 1.92e-04 3.38e+03 3.33e-04   0.0
    D0_12 (Dot_36)                     1.42e-04 1.98e-04 3.38e+03 3.43e-04   0.0
    D9_11 (Dot_37)                     1.39e-04 1.95e-04 3.39e+03 3.38e-04   0.0
    D0_10 (Dot_38)                     1.36e-04 1.91e-04 3.41e+03 3.31e-04   0.0
    D0_9 (Dot_39)                      1.36e-04 1.89e-04 3.44e+03 3.28e-04   0.0
    D0_8 (Dot_40)                      1.40e-04 1.95e-04 3.50e+03 3.38e-04   0.0
    D24_31 (Dot_41)                    4.40e-05 1.93e-04 3.43e+03 2.41e-04   0.0
    D23_30 (Dot_42)                    4.23e-05 1.86e-04 3.43e+03 2.32e-04   0.0
    D22_29 (Dot_43)                    4.24e-05 1.87e-04 3.44e+03 2.33e-04   0.0
    D21_28 (Dot_44)                    4.27e-05 1.88e-04 3.45e+03 2.35e-04   0.0
    D20_27 (Dot_45)                    4.37e-05 1.93e-04 3.45e+03 2.40e-04   0.0
    D19_26 (Dot_46)                    4.28e-05 1.90e-04 3.46e+03 2.36e-04   0.0
    D18_25 (Dot_47)                    4.36e-05 1.93e-04 3.44e+03 2.40e-04   0.0
    D17_24 (Dot_48)                    4.29e-05 1.90e-04 3.45e+03 2.36e-04   0.0
    D16_23 (Dot_49)                    8.27e-05 1.97e-04 3.44e+03 2.83e-04   0.0
    D15_22 (Dot_50)                    8.49e-05 2.02e-04 3.43e+03 2.90e-04   0.0
    D14_21 (Dot_51)                    8.33e-05 1.98e-04 3.44e+03 2.85e-04   0.0
    D13_20 (Dot_52)                    8.34e-05 1.98e-04 3.44e+03 2.85e-04   0.0
    D12_19 (Dot_53)                    8.21e-05 1.95e-04 3.44e+03 2.81e-04   0.0
    D11_18 (Dot_54)                    7.97e-05 1.89e-04 3.43e+03 2.72e-04   0.0
    D10_17 (Dot_55)                    7.91e-05 1.88e-04 3.44e+03 2.70e-04   0.0
    D9_16 (Dot_56)                     8.11e-05 1.93e-04 3.44e+03 2.78e-04   0.0
    D8_15 (Dot_57)                     8.12e-05 1.93e-04 3.45e+03 2.78e-04   0.0
    D7_14 (Dot_58)                     8.41e-05 2.00e-04 3.45e+03 2.88e-04   0.0
    D6_13 (Dot_59)                     8.33e-05 1.98e-04 3.45e+03 2.85e-04   0.0
    D5_12 (Dot_60)                     8.53e-05 2.03e-04 3.44e+03 2.92e-04   0.0
    D4_11 (Dot_61)                     8.37e-05 1.99e-04 3.44e+03 2.86e-04   0.0
    D3_10 (Dot_62)                     8.20e-05 1.95e-04 3.43e+03 2.80e-04   0.0
    D2_9 (Dot_63)                      8.13e-05 1.93e-04 3.43e+03 2.78e-04   0.0
    D1_8 (Dot_64)                      8.35e-05 1.98e-04 3.44e+03 2.85e-04   0.0
    D0_7 (Dot_65)                      1.71e-04 1.94e-04 3.45e+03 3.68e-04   0.0
    D0_6 (Dot_66)                      1.80e-04 2.06e-04 3.47e+03 3.89e-04   0.0
    D0_5 (Dot_67)                      1.86e-04 2.16e-04 3.50e+03 4.05e-04   0.0
    D0_4 (Dot_68)                      2.02e-04 2.39e-04 3.54e+03 4.44e-04   0.0
    D28_31 (Dot_69)                    6.65e-05 2.78e-04 3.64e+03 3.48e-04   0.0
    D27_30 (Dot_70)                    6.40e-05 2.67e-04 3.63e+03 3.35e-04   0.0
    D26_29 (Dot_71)                    6.34e-05 2.65e-04 3.65e+03 3.32e-04   0.0
    D25_28 (Dot_72)                    6.43e-05 2.68e-04 3.64e+03 3.36e-04   0.0
    D24_27 (Dot_73)                    1.21e-04 2.86e-04 3.65e+03 4.11e-04   0.0
    D23_26 (Dot_74)                    1.21e-04 2.84e-04 3.65e+03 4.08e-04   0.0
    D22_25 (Dot_75)                    1.23e-04 2.89e-04 3.65e+03 4.15e-04   0.0
    D21_24 (Dot_76)                    1.22e-04 2.87e-04 3.66e+03 4.12e-04   0.0
    D20_23 (Dot_77)                    1.21e-04 2.85e-04 3.65e+03 4.09e-04   0.0
    D19_22 (Dot_78)                    1.22e-04 2.89e-04 3.65e+03 4.15e-04   0.0
    D18_21 (Dot_79)                    1.22e-04 2.87e-04 3.65e+03 4.12e-04   0.0
    D17_20 (Dot_80)                    1.20e-04 2.82e-04 3.64e+03 4.05e-04   0.0
    D16_19 (Dot_81)                    1.20e-04 2.84e-04 3.65e+03 4.08e-04   0.0
    D15_18 (Dot_82)                    1.18e-04 2.78e-04 3.64e+03 4.00e-04   0.0
    D14_17 (Dot_83)                    1.18e-04 2.77e-04 3.64e+03 3.98e-04   0.0
    D13_16 (Dot_84)                    1.21e-04 2.85e-04 3.65e+03 4.10e-04   0.0
    D12_15 (Dot_85)                    1.21e-04 2.85e-04 3.66e+03 4.10e-04   0.0
    D11_14 (Dot_86)                    1.24e-04 2.93e-04 3.68e+03 4.20e-04   0.0
    D10_13 (Dot_87)                    1.24e-04 2.91e-04 3.66e+03 4.18e-04   0.0
    D9_12 (Dot_88)                     1.26e-04 2.97e-04 3.66e+03 4.27e-04   0.0
    D8_11 (Dot_89)                     1.25e-04 2.94e-04 3.66e+03 4.23e-04   0.0
    D7_10 (Dot_90)                     1.19e-04 2.81e-04 3.65e+03 4.04e-04   0.0
    D6_9 (Dot_91)                      1.17e-04 2.76e-04 3.65e+03 3.96e-04   0.0
    D5_8 (Dot_92)                      1.16e-04 2.74e-04 3.64e+03 3.94e-04   0.0
    D4_7 (Dot_93)                      1.14e-04 2.69e-04 3.64e+03 3.86e-04   0.0
    D3_6 (Dot_94)                      1.17e-04 2.76e-04 3.66e+03 3.96e-04   0.0
    D2_5 (Dot_95)                      1.15e-04 2.71e-04 3.66e+03 3.89e-04   0.0
    D1_4 (Dot_96)                      1.15e-04 2.71e-04 3.64e+03 3.89e-04   0.0
    D0_3 (Dot_97)                      2.81e-04 2.90e-04 3.64e+03 5.75e-04   0.0
    D0_2 (Dot_98)                      3.33e-04 3.52e-04 3.70e+03 6.89e-04   0.0
    D30_31 (Dot_99)                    1.03e-04 4.08e-04 3.95e+03 5.16e-04   0.0
    D29_30 (Dot_100)                   1.04e-04 4.09e-04 3.93e+03 5.17e-04   0.0
    D28_29 (Dot_101)                   1.82e-04 4.18e-04 3.93e+03 6.04e-04   0.0
    D27_28 (Dot_102)                   1.75e-04 4.05e-04 3.94e+03 5.84e-04   0.0
    D26_27 (Dot_103)                   1.74e-04 4.01e-04 3.92e+03 5.79e-04   0.0
    D25_26 (Dot_104)                   1.80e-04 4.14e-04 3.95e+03 5.98e-04   0.0
    D24_25 (Dot_105)                   1.81e-04 4.17e-04 3.94e+03 6.02e-04   0.0
    D23_24 (Dot_106)                   1.81e-04 4.17e-04 3.94e+03 6.01e-04   0.0
    D22_23 (Dot_107)                   1.83e-04 4.24e-04 3.95e+03 6.11e-04   0.0
    D21_22 (Dot_108)                   1.87e-04 4.31e-04 3.94e+03 6.22e-04   0.0
    D20_21 (Dot_109)                   1.82e-04 4.21e-04 3.95e+03 6.08e-04   0.0
    D19_20 (Dot_110)                   1.84e-04 4.23e-04 3.93e+03 6.11e-04   0.0
    D18_19 (Dot_111)                   1.83e-04 4.22e-04 3.94e+03 6.09e-04   0.0
    D17_18 (Dot_112)                   1.78e-04 4.10e-04 3.93e+03 5.92e-04   0.0
    D16_17 (Dot_113)                   1.78e-04 4.09e-04 3.92e+03 5.91e-04   0.0
    D15_16 (Dot_114)                   1.80e-04 4.15e-04 3.95e+03 5.99e-04   0.0
    D14_15 (Dot_115)                   1.80e-04 4.15e-04 3.94e+03 5.99e-04   0.0
    D13_14 (Dot_116)                   1.86e-04 4.28e-04 3.97e+03 6.18e-04   0.0
    D12_13 (Dot_117)                   1.84e-04 4.25e-04 3.96e+03 6.14e-04   0.0
    D11_12 (Dot_118)                   1.87e-04 4.31e-04 3.94e+03 6.22e-04   0.0
    D10_11 (Dot_119)                   1.85e-04 4.26e-04 3.95e+03 6.14e-04   0.0
    D9_10 (Dot_120)                    1.82e-04 4.19e-04 3.95e+03 6.05e-04   0.0
    D8_9 (Dot_121)                     1.82e-04 4.20e-04 3.95e+03 6.07e-04   0.0
    D7_8 (Dot_122)                     1.81e-04 4.19e-04 3.94e+03 6.04e-04   0.0
    D6_7 (Dot_123)                     1.71e-04 3.95e-04 3.92e+03 5.70e-04   0.0
    D5_6 (Dot_124)                     1.79e-04 4.13e-04 3.94e+03 5.96e-04   0.0
    D4_5 (Dot_125)                     1.78e-04 4.11e-04 3.95e+03 5.93e-04   0.0
    D3_4 (Dot_126)                     1.76e-04 4.06e-04 3.93e+03 5.86e-04   0.0
    D2_3 (Dot_127)                     1.77e-04 4.09e-04 3.92e+03 5.91e-04   0.0
    D1_2 (Dot_128)                     1.79e-04 4.13e-04 3.94e+03 5.96e-04   0.0
    D0_1 (Dot_0)                       4.63e-04 4.34e-04 3.93e+03 9.02e-04   0.0
    P31 (Prob_1)                       1.88e-04 5.39e-04 5.32e+03 7.32e-04   0.0
    G31 (Gen_1)                        2.36e-05 1.82e-04 1.07e+03 2.06e-04   0.0
    P30 (Prob_2)                       2.48e-04 5.38e-04 5.30e+03 7.92e-04   0.0
    G30 (Gen_2)                        4.45e-05 1.81e-04 1.07e+03 2.26e-04   0.0
    P29 (Prob_3)                       2.50e-04 5.45e-04 5.33e+03 8.00e-04   0.0
    G29 (Gen_3)                        4.31e-05 1.75e-04 1.06e+03 2.19e-04   0.0
    P28 (Prob_4)                       2.52e-04 5.46e-04 5.32e+03 8.03e-04   0.0
    G28 (Gen_4)                        4.23e-05 1.72e-04 1.05e+03 2.15e-04   0.0
    P27 (Prob_5)                       2.43e-04 5.27e-04 5.33e+03 7.75e-04   0.0
    G27 (Gen_5)                        4.42e-05 1.79e-04 1.06e+03 2.25e-04   0.0
    P26 (Prob_6)                       2.49e-04 5.40e-04 5.30e+03 7.94e-04   0.0
    G26 (Gen_6)                        4.22e-05 1.72e-04 1.06e+03 2.15e-04   0.0
    P25 (Prob_7)                       2.46e-04 5.34e-04 5.33e+03 7.85e-04   0.0
    G25 (Gen_7)                        4.46e-05 1.81e-04 1.07e+03 2.27e-04   0.0
    P24 (Prob_8)                       2.53e-04 5.47e-04 5.31e+03 8.05e-04   0.0
    G24 (Gen_8)                        4.39e-05 1.78e-04 1.06e+03 2.23e-04   0.0
    P23 (Prob_9)                       2.44e-04 5.31e-04 5.33e+03 7.80e-04   0.0
    G23 (Gen_9)                        4.30e-05 1.75e-04 1.06e+03 2.19e-04   0.0
    P22 (Prob_10)                      2.54e-04 5.55e-04 5.33e+03 8.15e-04   0.0
    G22 (Gen_10)                       4.47e-05 1.81e-04 1.07e+03 2.27e-04   0.0
    P21 (Prob_11)                      2.50e-04 5.43e-04 5.30e+03 7.98e-04   0.0
    G21 (Gen_11)                       4.24e-05 1.72e-04 1.06e+03 2.16e-04   0.0
    P20 (Prob_12)                      2.53e-04 5.49e-04 5.32e+03 8.07e-04   0.0
    G20 (Gen_12)                       4.60e-05 1.87e-04 1.06e+03 2.34e-04   0.0
    P19 (Prob_13)                      2.52e-04 5.48e-04 5.32e+03 8.06e-04   0.0
    G19 (Gen_13)                       4.38e-05 1.78e-04 1.07e+03 2.23e-04   0.0
    P18 (Prob_14)                      2.51e-04 5.45e-04 5.32e+03 8.01e-04   0.0
    G18 (Gen_14)                       4.26e-05 1.73e-04 1.06e+03 2.17e-04   0.0
    P17 (Prob_15)                      2.47e-04 5.35e-04 5.32e+03 7.87e-04   0.0
    G17 (Gen_15)                       4.30e-05 1.75e-04 1.06e+03 2.19e-04   0.0
    P16 (Prob_16)                      2.48e-04 5.38e-04 5.31e+03 7.91e-04   0.0
    G16 (Gen_16)                       4.33e-05 1.76e-04 1.07e+03 2.20e-04   0.0
    P15 (Prob_17)                      2.50e-04 5.42e-04 5.32e+03 7.97e-04   0.0
    G15 (Gen_17)                       4.24e-05 1.72e-04 1.06e+03 2.16e-04   0.0
    P14 (Prob_18)                      2.48e-04 5.38e-04 5.33e+03 7.92e-04   0.0
    G14 (Gen_18)                       4.22e-05 1.71e-04 1.06e+03 2.15e-04   0.0
    P13 (Prob_19)                      2.54e-04 5.53e-04 5.31e+03 8.12e-04   0.0
    G13 (Gen_19)                       4.20e-05 1.71e-04 1.06e+03 2.14e-04   0.0
    P12 (Prob_20)                      2.51e-04 5.46e-04 5.32e+03 8.03e-04   0.0
    G12 (Gen_20)                       4.47e-05 1.82e-04 1.06e+03 2.28e-04   0.0
    P11 (Prob_21)                      2.51e-04 5.44e-04 5.31e+03 8.00e-04   0.0
    G11 (Gen_21)                       4.36e-05 1.77e-04 1.06e+03 2.22e-04   0.0
    P10 (Prob_22)                      2.45e-04 5.31e-04 5.32e+03 7.82e-04   0.0
    G10 (Gen_22)                       4.41e-05 1.79e-04 1.07e+03 2.24e-04   0.0
    P9 (Prob_23)                       2.49e-04 5.40e-04 5.32e+03 7.94e-04   0.0
    G9 (Gen_23)                        4.10e-05 1.67e-04 1.06e+03 2.09e-04   0.0
    P8 (Prob_24)                       2.55e-04 5.52e-04 5.30e+03 8.12e-04   0.0
    G8 (Gen_24)                        4.38e-05 1.78e-04 1.06e+03 2.23e-04   0.0
    P7 (Prob_25)                       2.40e-04 5.21e-04 5.32e+03 7.67e-04   0.0
    G7 (Gen_25)                        4.21e-05 1.71e-04 1.06e+03 2.14e-04   0.0
    P6 (Prob_26)                       2.51e-04 5.43e-04 5.32e+03 7.99e-04   0.0
    G6 (Gen_26)                        4.23e-05 1.72e-04 1.05e+03 2.15e-04   0.0
    P5 (Prob_27)                       2.53e-04 5.48e-04 5.31e+03 8.05e-04   0.0
    G5 (Gen_27)                        4.27e-05 1.73e-04 1.05e+03 2.17e-04   0.0
    P4 (Prob_28)                       2.43e-04 5.26e-04 5.30e+03 7.75e-04   0.0
    G4 (Gen_28)                        4.33e-05 1.76e-04 1.06e+03 2.20e-04   0.0
    P3 (Prob_29)                       2.47e-04 5.37e-04 5.30e+03 7.89e-04   0.0
    G3 (Gen_29)                        4.46e-05 1.81e-04 1.07e+03 2.27e-04   0.0
    P2 (Prob_30)                       2.49e-04 5.43e-04 5.32e+03 7.97e-04   0.0
    G2 (Gen_30)                        4.43e-05 1.80e-04 1.07e+03 2.25e-04   0.0
    P1 (Prob_31)                       2.46e-04 5.38e-04 5.32e+03 7.89e-04   0.0
    G1 (Gen_31)                        4.49e-05 1.82e-04 1.07e+03 2.28e-04   0.0
    P0 (Prob_0)                        5.35e-04 5.50e-04 5.31e+03 1.09e-03   0.1
    G0 (Gen_0)                         1.59e-04 1.87e-04 1.06e+03 3.47e-04   0.0
  OPERAND_A_B_CIN_DFF (dff_in)         9.61e-03    0.737 3.74e+05    0.747  39.6
1
